{"/Users/gabrielsotero/Desktop/FullCycleCodes/integracaoContinua/desafio/src/index.js": {"path":"/Users/gabrielsotero/Desktop/FullCycleCodes/integracaoContinua/desafio/src/index.js","statementMap":{"0":{"start":{"line":3,"column":21},"end":{"line":11,"column":1}},"1":{"start":{"line":4,"column":4},"end":{"line":4,"column":30}},"2":{"start":{"line":4,"column":17},"end":{"line":4,"column":30}},"3":{"start":{"line":5,"column":4},"end":{"line":7,"column":5}},"4":{"start":{"line":5,"column":17},"end":{"line":5,"column":18}},"5":{"start":{"line":6,"column":8},"end":{"line":6,"column":40}},"6":{"start":{"line":6,"column":27},"end":{"line":6,"column":40}},"7":{"start":{"line":8,"column":4},"end":{"line":8,"column":16}},"8":{"start":{"line":13,"column":0},"end":{"line":13,"column":30}}},"fnMap":{"0":{"name":"(anonymous_0)","decl":{"start":{"line":3,"column":21},"end":{"line":3,"column":22}},"loc":{"start":{"line":3,"column":30},"end":{"line":11,"column":1}},"line":3}},"branchMap":{"0":{"loc":{"start":{"line":4,"column":4},"end":{"line":4,"column":30}},"type":"if","locations":[{"start":{"line":4,"column":4},"end":{"line":4,"column":30}},{"start":{},"end":{}}],"line":4},"1":{"loc":{"start":{"line":6,"column":8},"end":{"line":6,"column":40}},"type":"if","locations":[{"start":{"line":6,"column":8},"end":{"line":6,"column":40}},{"start":{},"end":{}}],"line":6}},"s":{"0":1,"1":1,"2":0,"3":1,"4":1,"5":1,"6":1,"7":0,"8":1},"f":{"0":1},"b":{"0":[0,1],"1":[1,0]},"_coverageSchema":"1a1c01bbd47fc00a2c39e90264f33305004495a9","hash":"eb3b9e678bc20a3c7d4c0e5fa3034926e2e70a19"}
,"/Users/gabrielsotero/Desktop/FullCycleCodes/integracaoContinua/desafio/src/multiple.js": {"path":"/Users/gabrielsotero/Desktop/FullCycleCodes/integracaoContinua/desafio/src/multiple.js","statementMap":{"0":{"start":{"line":3,"column":17},"end":{"line":5,"column":1}},"1":{"start":{"line":4,"column":4},"end":{"line":4,"column":17}},"2":{"start":{"line":7,"column":0},"end":{"line":7,"column":26}}},"fnMap":{"0":{"name":"(anonymous_0)","decl":{"start":{"line":3,"column":17},"end":{"line":3,"column":18}},"loc":{"start":{"line":3,"column":27},"end":{"line":5,"column":1}},"line":3}},"branchMap":{},"s":{"0":1,"1":1,"2":1},"f":{"0":1},"b":{},"_coverageSchema":"1a1c01bbd47fc00a2c39e90264f33305004495a9","hash":"7a81ca7281fc388475bfab6600398b5b205726e6"}
}
